{"level":"error","message":"Could not get the genresCould not get the genres","stack":"Error: Could not get the genres\n    at router.get (C:\\Users\\DELL\\Desktop\\vidly\\routes\\genre.js:10:11)\n    at newFn (C:\\Users\\DELL\\Desktop\\vidly\\node_modules\\express-async-errors\\index.js:16:20)\n    at Layer.handle [as handle_request] (C:\\Users\\DELL\\Desktop\\vidly\\node_modules\\express\\lib\\router\\layer.js:95:5)\n    at next (C:\\Users\\DELL\\Desktop\\vidly\\node_modules\\express\\lib\\router\\route.js:137:13)\n    at Route.dispatch (C:\\Users\\DELL\\Desktop\\vidly\\node_modules\\express\\lib\\router\\route.js:112:3)\n    at newFn (C:\\Users\\DELL\\Desktop\\vidly\\node_modules\\express-async-errors\\index.js:16:20)\n    at Layer.handle [as handle_request] (C:\\Users\\DELL\\Desktop\\vidly\\node_modules\\express\\lib\\router\\layer.js:95:5)\n    at C:\\Users\\DELL\\Desktop\\vidly\\node_modules\\express\\lib\\router\\index.js:281:22\n    at Function.process_params (C:\\Users\\DELL\\Desktop\\vidly\\node_modules\\express\\lib\\router\\index.js:335:12)\n    at next (C:\\Users\\DELL\\Desktop\\vidly\\node_modules\\express\\lib\\router\\index.js:275:10)\n    at Function.handle (C:\\Users\\DELL\\Desktop\\vidly\\node_modules\\express\\lib\\router\\index.js:174:3)\n    at router (C:\\Users\\DELL\\Desktop\\vidly\\node_modules\\express\\lib\\router\\index.js:47:12)\n    at newFn (C:\\Users\\DELL\\Desktop\\vidly\\node_modules\\express-async-errors\\index.js:16:20)\n    at Layer.handle [as handle_request] (C:\\Users\\DELL\\Desktop\\vidly\\node_modules\\express\\lib\\router\\layer.js:95:5)\n    at trim_prefix (C:\\Users\\DELL\\Desktop\\vidly\\node_modules\\express\\lib\\router\\index.js:317:13)\n    at C:\\Users\\DELL\\Desktop\\vidly\\node_modules\\express\\lib\\router\\index.js:284:7\n    at Function.process_params (C:\\Users\\DELL\\Desktop\\vidly\\node_modules\\express\\lib\\router\\index.js:335:12)\n    at next (C:\\Users\\DELL\\Desktop\\vidly\\node_modules\\express\\lib\\router\\index.js:275:10)\n    at C:\\Users\\DELL\\Desktop\\vidly\\node_modules\\express\\lib\\router\\index.js:635:15\n    at next (C:\\Users\\DELL\\Desktop\\vidly\\node_modules\\express\\lib\\router\\index.js:260:14)\n    at Function.handle (C:\\Users\\DELL\\Desktop\\vidly\\node_modules\\express\\lib\\router\\index.js:174:3)\n    at router (C:\\Users\\DELL\\Desktop\\vidly\\node_modules\\express\\lib\\router\\index.js:47:12)"}
{"meta":{"message":"Could not get the genres","name":"Error","stack":"Error: Could not get the genres\n    at router.get (C:\\Users\\DELL\\Desktop\\vidly\\routes\\genre.js:10:11)\n    at newFn (C:\\Users\\DELL\\Desktop\\vidly\\node_modules\\express-async-errors\\index.js:16:20)\n    at Layer.handle [as handle_request] (C:\\Users\\DELL\\Desktop\\vidly\\node_modules\\express\\lib\\router\\layer.js:95:5)\n    at next (C:\\Users\\DELL\\Desktop\\vidly\\node_modules\\express\\lib\\router\\route.js:137:13)\n    at Route.dispatch (C:\\Users\\DELL\\Desktop\\vidly\\node_modules\\express\\lib\\router\\route.js:112:3)\n    at newFn (C:\\Users\\DELL\\Desktop\\vidly\\node_modules\\express-async-errors\\index.js:16:20)\n    at Layer.handle [as handle_request] (C:\\Users\\DELL\\Desktop\\vidly\\node_modules\\express\\lib\\router\\layer.js:95:5)\n    at C:\\Users\\DELL\\Desktop\\vidly\\node_modules\\express\\lib\\router\\index.js:281:22\n    at Function.process_params (C:\\Users\\DELL\\Desktop\\vidly\\node_modules\\express\\lib\\router\\index.js:335:12)\n    at next (C:\\Users\\DELL\\Desktop\\vidly\\node_modules\\express\\lib\\router\\index.js:275:10)\n    at Function.handle (C:\\Users\\DELL\\Desktop\\vidly\\node_modules\\express\\lib\\router\\index.js:174:3)\n    at router (C:\\Users\\DELL\\Desktop\\vidly\\node_modules\\express\\lib\\router\\index.js:47:12)\n    at newFn (C:\\Users\\DELL\\Desktop\\vidly\\node_modules\\express-async-errors\\index.js:16:20)\n    at Layer.handle [as handle_request] (C:\\Users\\DELL\\Desktop\\vidly\\node_modules\\express\\lib\\router\\layer.js:95:5)\n    at trim_prefix (C:\\Users\\DELL\\Desktop\\vidly\\node_modules\\express\\lib\\router\\index.js:317:13)\n    at C:\\Users\\DELL\\Desktop\\vidly\\node_modules\\express\\lib\\router\\index.js:284:7\n    at Function.process_params (C:\\Users\\DELL\\Desktop\\vidly\\node_modules\\express\\lib\\router\\index.js:335:12)\n    at next (C:\\Users\\DELL\\Desktop\\vidly\\node_modules\\express\\lib\\router\\index.js:275:10)\n    at C:\\Users\\DELL\\Desktop\\vidly\\node_modules\\express\\lib\\router\\index.js:635:15\n    at next (C:\\Users\\DELL\\Desktop\\vidly\\node_modules\\express\\lib\\router\\index.js:260:14)\n    at Function.handle (C:\\Users\\DELL\\Desktop\\vidly\\node_modules\\express\\lib\\router\\index.js:174:3)\n    at router (C:\\Users\\DELL\\Desktop\\vidly\\node_modules\\express\\lib\\router\\index.js:47:12)"},"level":"error","message":"Could not get the genres"}
{"level":"error","message":"something failed during processsomething failed during process","stack":"Error: something failed during process\n    at Object.<anonymous> (C:\\Users\\DELL\\Desktop\\vidly\\app.js:27:7)\n    at Module._compile (internal/modules/cjs/loader.js:776:30)\n    at Object.Module._extensions..js (internal/modules/cjs/loader.js:787:10)\n    at Module.load (internal/modules/cjs/loader.js:653:32)\n    at tryModuleLoad (internal/modules/cjs/loader.js:593:12)\n    at Function.Module._load (internal/modules/cjs/loader.js:585:3)\n    at Function.Module.runMain (internal/modules/cjs/loader.js:829:12)\n    at startup (internal/bootstrap/node.js:283:19)\n    at bootstrapNodeJSCore (internal/bootstrap/node.js:622:3)"}
{"level":"error","message":"something failed during processsomething failed during process","stack":"Error: something failed during process\n    at Object.<anonymous> (C:\\Users\\DELL\\Desktop\\vidly\\app.js:32:7)\n    at Module._compile (internal/modules/cjs/loader.js:776:30)\n    at Object.Module._extensions..js (internal/modules/cjs/loader.js:787:10)\n    at Module.load (internal/modules/cjs/loader.js:653:32)\n    at tryModuleLoad (internal/modules/cjs/loader.js:593:12)\n    at Function.Module._load (internal/modules/cjs/loader.js:585:3)\n    at Function.Module.runMain (internal/modules/cjs/loader.js:829:12)\n    at startup (internal/bootstrap/node.js:283:19)\n    at bootstrapNodeJSCore (internal/bootstrap/node.js:622:3)"}
{"message":"Connection made","level":"info"}
{"message":"Connection made","level":"info"}
{"message":"Listening on port 3000","level":"info"}
{"message":"Connection made","level":"info"}
{"message":"Connection made","level":"info"}
{"message":"Connection made","level":"info"}
{"message":"Listening on port 3000","level":"info"}
{"message":"Connection made","level":"info"}
{"message":"Listening on port 3000","level":"info"}
{"message":"Connection made","level":"info"}
{"message":"Listening on port 3000","level":"info"}
{"message":"Connection made","level":"info"}
{"message":"Listening on port 3000","level":"info"}
{"message":"vidly_db","level":"info"}
{"message":"Listening on port 3000","level":"info"}
{"message":"vidly_db","level":"info"}
{"message":"Listening on port 3000","level":"info"}
{"message":"vidly_db","level":"info"}
{"message":"Listening on port 3000","level":"info"}
{"message":"Listening on port 3000","level":"info"}
{"message":"Listening on port 3000","level":"info"}
{"message":"Listening on port 3000","level":"info"}
{"message":"Listening on port 3001","level":"info"}
{"message":"Listening on port 3001","level":"info"}
{"message":"Listening on port 3001","level":"info"}
{"message":"Listening on port 3001","level":"info"}
{"message":"Listening on port 3001","level":"info"}
{"message":"Listening on port 3001","level":"info"}
{"message":"Listening on port 3001","level":"info"}
{"message":"Listening on port 3001","level":"info"}
{"message":"Listening on port 3001","level":"info"}
{"message":"Listening on port 3001","level":"info"}
{"message":"Listening on port 3001","level":"info"}
{"message":"Listening on port 3001","level":"info"}
{"message":"Listening on port 3001","level":"info"}
{"message":"Listening on port 3001","level":"info"}
{"message":"Listening on port 3001","level":"info"}
{"message":"Listening on port 3001","level":"info"}
{"message":"Listening on port 3001","level":"info"}
{"message":"Listening on port 3001","level":"info"}
{"meta":{"message":"Cast to ObjectId failed for value \"1\" at path \"_id\" for model \"Genre\"","name":"CastError","stack":"CastError: Cast to ObjectId failed for value \"1\" at path \"_id\" for model \"Genre\"\n    at new CastError (D:\\work\\Random\\vidly\\VideoApp\\node_modules\\mongoose\\lib\\error\\cast.js:29:11)\n    at ObjectId.Object.<anonymous>.ObjectId.cast (D:\\work\\Random\\vidly\\VideoApp\\node_modules\\mongoose\\lib\\schema\\objectid.js:244:11)\n    at ObjectId.Object.<anonymous>.SchemaType.applySetters (D:\\work\\Random\\vidly\\VideoApp\\node_modules\\mongoose\\lib\\schematype.js:948:12)\n    at ObjectId.Object.<anonymous>.SchemaType._castForQuery (D:\\work\\Random\\vidly\\VideoApp\\node_modules\\mongoose\\lib\\schematype.js:1362:15)\n    at ObjectId.Object.<anonymous>.SchemaType.castForQuery (D:\\work\\Random\\vidly\\VideoApp\\node_modules\\mongoose\\lib\\schematype.js:1352:15)\n    at ObjectId.Object.<anonymous>.SchemaType.castForQueryWrapper (D:\\work\\Random\\vidly\\VideoApp\\node_modules\\mongoose\\lib\\schematype.js:1331:15)\n    at cast (D:\\work\\Random\\vidly\\VideoApp\\node_modules\\mongoose\\lib\\cast.js:307:32)\n    at model.Query.Object.<anonymous>.Query.cast (D:\\work\\Random\\vidly\\VideoApp\\node_modules\\mongoose\\lib\\query.js:4576:12)\n    at model.Query.Object.<anonymous>.Query._castConditions (D:\\work\\Random\\vidly\\VideoApp\\node_modules\\mongoose\\lib\\query.js:1783:10)\n    at model.Query.<anonymous> (D:\\work\\Random\\vidly\\VideoApp\\node_modules\\mongoose\\lib\\query.js:2038:8)\n    at model.Query._wrappedThunk [as _findOne] (D:\\work\\Random\\vidly\\VideoApp\\node_modules\\mongoose\\lib\\helpers\\query\\wrapThunk.js:16:8)\n    at process.nextTick (D:\\work\\Random\\vidly\\VideoApp\\node_modules\\kareem\\index.js:369:33)\n    at process._tickCallback (internal/process/next_tick.js:61:11)"},"level":"error","message":"Cast to ObjectId failed for value \"1\" at path \"_id\" for model \"Genre\""}
{"message":"Listening on port 3001","level":"info"}
{"meta":{"message":"Cast to ObjectId failed for value \"1\" at path \"_id\" for model \"Genre\"","name":"CastError","stack":"CastError: Cast to ObjectId failed for value \"1\" at path \"_id\" for model \"Genre\"\n    at new CastError (D:\\work\\Random\\vidly\\VideoApp\\node_modules\\mongoose\\lib\\error\\cast.js:29:11)\n    at ObjectId.Object.<anonymous>.ObjectId.cast (D:\\work\\Random\\vidly\\VideoApp\\node_modules\\mongoose\\lib\\schema\\objectid.js:244:11)\n    at ObjectId.Object.<anonymous>.SchemaType.applySetters (D:\\work\\Random\\vidly\\VideoApp\\node_modules\\mongoose\\lib\\schematype.js:948:12)\n    at ObjectId.Object.<anonymous>.SchemaType._castForQuery (D:\\work\\Random\\vidly\\VideoApp\\node_modules\\mongoose\\lib\\schematype.js:1362:15)\n    at ObjectId.Object.<anonymous>.SchemaType.castForQuery (D:\\work\\Random\\vidly\\VideoApp\\node_modules\\mongoose\\lib\\schematype.js:1352:15)\n    at ObjectId.Object.<anonymous>.SchemaType.castForQueryWrapper (D:\\work\\Random\\vidly\\VideoApp\\node_modules\\mongoose\\lib\\schematype.js:1331:15)\n    at cast (D:\\work\\Random\\vidly\\VideoApp\\node_modules\\mongoose\\lib\\cast.js:307:32)\n    at model.Query.Object.<anonymous>.Query.cast (D:\\work\\Random\\vidly\\VideoApp\\node_modules\\mongoose\\lib\\query.js:4576:12)\n    at model.Query.Object.<anonymous>.Query._castConditions (D:\\work\\Random\\vidly\\VideoApp\\node_modules\\mongoose\\lib\\query.js:1783:10)\n    at model.Query.<anonymous> (D:\\work\\Random\\vidly\\VideoApp\\node_modules\\mongoose\\lib\\query.js:2038:8)\n    at model.Query._wrappedThunk [as _findOne] (D:\\work\\Random\\vidly\\VideoApp\\node_modules\\mongoose\\lib\\helpers\\query\\wrapThunk.js:16:8)\n    at process.nextTick (D:\\work\\Random\\vidly\\VideoApp\\node_modules\\kareem\\index.js:369:33)\n    at process._tickCallback (internal/process/next_tick.js:61:11)"},"level":"error","message":"Cast to ObjectId failed for value \"1\" at path \"_id\" for model \"Genre\""}
{"message":"Listening on port 3001","level":"info"}
{"meta":{"message":"Cast to ObjectId failed for value \"1\" at path \"_id\" for model \"Genre\"","name":"CastError","stack":"CastError: Cast to ObjectId failed for value \"1\" at path \"_id\" for model \"Genre\"\n    at new CastError (D:\\work\\Random\\vidly\\VideoApp\\node_modules\\mongoose\\lib\\error\\cast.js:29:11)\n    at ObjectId.Object.<anonymous>.ObjectId.cast (D:\\work\\Random\\vidly\\VideoApp\\node_modules\\mongoose\\lib\\schema\\objectid.js:244:11)\n    at ObjectId.Object.<anonymous>.SchemaType.applySetters (D:\\work\\Random\\vidly\\VideoApp\\node_modules\\mongoose\\lib\\schematype.js:948:12)\n    at ObjectId.Object.<anonymous>.SchemaType._castForQuery (D:\\work\\Random\\vidly\\VideoApp\\node_modules\\mongoose\\lib\\schematype.js:1362:15)\n    at ObjectId.Object.<anonymous>.SchemaType.castForQuery (D:\\work\\Random\\vidly\\VideoApp\\node_modules\\mongoose\\lib\\schematype.js:1352:15)\n    at ObjectId.Object.<anonymous>.SchemaType.castForQueryWrapper (D:\\work\\Random\\vidly\\VideoApp\\node_modules\\mongoose\\lib\\schematype.js:1331:15)\n    at cast (D:\\work\\Random\\vidly\\VideoApp\\node_modules\\mongoose\\lib\\cast.js:307:32)\n    at model.Query.Object.<anonymous>.Query.cast (D:\\work\\Random\\vidly\\VideoApp\\node_modules\\mongoose\\lib\\query.js:4576:12)\n    at model.Query.Object.<anonymous>.Query._castConditions (D:\\work\\Random\\vidly\\VideoApp\\node_modules\\mongoose\\lib\\query.js:1783:10)\n    at model.Query.<anonymous> (D:\\work\\Random\\vidly\\VideoApp\\node_modules\\mongoose\\lib\\query.js:2038:8)\n    at model.Query._wrappedThunk [as _findOne] (D:\\work\\Random\\vidly\\VideoApp\\node_modules\\mongoose\\lib\\helpers\\query\\wrapThunk.js:16:8)\n    at process.nextTick (D:\\work\\Random\\vidly\\VideoApp\\node_modules\\kareem\\index.js:369:33)\n    at process._tickCallback (internal/process/next_tick.js:61:11)"},"level":"error","message":"Cast to ObjectId failed for value \"1\" at path \"_id\" for model \"Genre\""}
{"message":"Listening on port 3001","level":"info"}
{"meta":{"message":"Cast to ObjectId failed for value \"1\" at path \"_id\" for model \"Genre\"","name":"CastError","stack":"CastError: Cast to ObjectId failed for value \"1\" at path \"_id\" for model \"Genre\"\n    at new CastError (D:\\work\\Random\\vidly\\VideoApp\\node_modules\\mongoose\\lib\\error\\cast.js:29:11)\n    at ObjectId.Object.<anonymous>.ObjectId.cast (D:\\work\\Random\\vidly\\VideoApp\\node_modules\\mongoose\\lib\\schema\\objectid.js:244:11)\n    at ObjectId.Object.<anonymous>.SchemaType.applySetters (D:\\work\\Random\\vidly\\VideoApp\\node_modules\\mongoose\\lib\\schematype.js:948:12)\n    at ObjectId.Object.<anonymous>.SchemaType._castForQuery (D:\\work\\Random\\vidly\\VideoApp\\node_modules\\mongoose\\lib\\schematype.js:1362:15)\n    at ObjectId.Object.<anonymous>.SchemaType.castForQuery (D:\\work\\Random\\vidly\\VideoApp\\node_modules\\mongoose\\lib\\schematype.js:1352:15)\n    at ObjectId.Object.<anonymous>.SchemaType.castForQueryWrapper (D:\\work\\Random\\vidly\\VideoApp\\node_modules\\mongoose\\lib\\schematype.js:1331:15)\n    at cast (D:\\work\\Random\\vidly\\VideoApp\\node_modules\\mongoose\\lib\\cast.js:307:32)\n    at model.Query.Object.<anonymous>.Query.cast (D:\\work\\Random\\vidly\\VideoApp\\node_modules\\mongoose\\lib\\query.js:4576:12)\n    at model.Query.Object.<anonymous>.Query._castConditions (D:\\work\\Random\\vidly\\VideoApp\\node_modules\\mongoose\\lib\\query.js:1783:10)\n    at model.Query.<anonymous> (D:\\work\\Random\\vidly\\VideoApp\\node_modules\\mongoose\\lib\\query.js:2038:8)\n    at model.Query._wrappedThunk [as _findOne] (D:\\work\\Random\\vidly\\VideoApp\\node_modules\\mongoose\\lib\\helpers\\query\\wrapThunk.js:16:8)\n    at process.nextTick (D:\\work\\Random\\vidly\\VideoApp\\node_modules\\kareem\\index.js:369:33)\n    at process._tickCallback (internal/process/next_tick.js:61:11)"},"level":"error","message":"Cast to ObjectId failed for value \"1\" at path \"_id\" for model \"Genre\""}
{"message":"Listening on port 3001","level":"info"}
{"meta":{"message":"Cast to ObjectId failed for value \"1\" at path \"_id\" for model \"Genre\"","name":"CastError","stack":"CastError: Cast to ObjectId failed for value \"1\" at path \"_id\" for model \"Genre\"\n    at new CastError (D:\\work\\Random\\vidly\\VideoApp\\node_modules\\mongoose\\lib\\error\\cast.js:29:11)\n    at ObjectId.Object.<anonymous>.ObjectId.cast (D:\\work\\Random\\vidly\\VideoApp\\node_modules\\mongoose\\lib\\schema\\objectid.js:244:11)\n    at ObjectId.Object.<anonymous>.SchemaType.applySetters (D:\\work\\Random\\vidly\\VideoApp\\node_modules\\mongoose\\lib\\schematype.js:948:12)\n    at ObjectId.Object.<anonymous>.SchemaType._castForQuery (D:\\work\\Random\\vidly\\VideoApp\\node_modules\\mongoose\\lib\\schematype.js:1362:15)\n    at ObjectId.Object.<anonymous>.SchemaType.castForQuery (D:\\work\\Random\\vidly\\VideoApp\\node_modules\\mongoose\\lib\\schematype.js:1352:15)\n    at ObjectId.Object.<anonymous>.SchemaType.castForQueryWrapper (D:\\work\\Random\\vidly\\VideoApp\\node_modules\\mongoose\\lib\\schematype.js:1331:15)\n    at cast (D:\\work\\Random\\vidly\\VideoApp\\node_modules\\mongoose\\lib\\cast.js:307:32)\n    at model.Query.Object.<anonymous>.Query.cast (D:\\work\\Random\\vidly\\VideoApp\\node_modules\\mongoose\\lib\\query.js:4576:12)\n    at model.Query.Object.<anonymous>.Query._castConditions (D:\\work\\Random\\vidly\\VideoApp\\node_modules\\mongoose\\lib\\query.js:1783:10)\n    at model.Query.<anonymous> (D:\\work\\Random\\vidly\\VideoApp\\node_modules\\mongoose\\lib\\query.js:2038:8)\n    at model.Query._wrappedThunk [as _findOne] (D:\\work\\Random\\vidly\\VideoApp\\node_modules\\mongoose\\lib\\helpers\\query\\wrapThunk.js:16:8)\n    at process.nextTick (D:\\work\\Random\\vidly\\VideoApp\\node_modules\\kareem\\index.js:369:33)\n    at process._tickCallback (internal/process/next_tick.js:61:11)"},"level":"error","message":"Cast to ObjectId failed for value \"1\" at path \"_id\" for model \"Genre\""}
{"message":"Listening on port 3001","level":"info"}
{"meta":{"message":"Cast to ObjectId failed for value \"1\" at path \"_id\" for model \"Genre\"","name":"CastError","stack":"CastError: Cast to ObjectId failed for value \"1\" at path \"_id\" for model \"Genre\"\n    at new CastError (D:\\work\\Random\\vidly\\VideoApp\\node_modules\\mongoose\\lib\\error\\cast.js:29:11)\n    at ObjectId.Object.<anonymous>.ObjectId.cast (D:\\work\\Random\\vidly\\VideoApp\\node_modules\\mongoose\\lib\\schema\\objectid.js:244:11)\n    at ObjectId.Object.<anonymous>.SchemaType.applySetters (D:\\work\\Random\\vidly\\VideoApp\\node_modules\\mongoose\\lib\\schematype.js:948:12)\n    at ObjectId.Object.<anonymous>.SchemaType._castForQuery (D:\\work\\Random\\vidly\\VideoApp\\node_modules\\mongoose\\lib\\schematype.js:1362:15)\n    at ObjectId.Object.<anonymous>.SchemaType.castForQuery (D:\\work\\Random\\vidly\\VideoApp\\node_modules\\mongoose\\lib\\schematype.js:1352:15)\n    at ObjectId.Object.<anonymous>.SchemaType.castForQueryWrapper (D:\\work\\Random\\vidly\\VideoApp\\node_modules\\mongoose\\lib\\schematype.js:1331:15)\n    at cast (D:\\work\\Random\\vidly\\VideoApp\\node_modules\\mongoose\\lib\\cast.js:307:32)\n    at model.Query.Object.<anonymous>.Query.cast (D:\\work\\Random\\vidly\\VideoApp\\node_modules\\mongoose\\lib\\query.js:4576:12)\n    at model.Query.Object.<anonymous>.Query._castConditions (D:\\work\\Random\\vidly\\VideoApp\\node_modules\\mongoose\\lib\\query.js:1783:10)\n    at model.Query.<anonymous> (D:\\work\\Random\\vidly\\VideoApp\\node_modules\\mongoose\\lib\\query.js:2038:8)\n    at model.Query._wrappedThunk [as _findOne] (D:\\work\\Random\\vidly\\VideoApp\\node_modules\\mongoose\\lib\\helpers\\query\\wrapThunk.js:16:8)\n    at process.nextTick (D:\\work\\Random\\vidly\\VideoApp\\node_modules\\kareem\\index.js:369:33)\n    at process._tickCallback (internal/process/next_tick.js:61:11)"},"level":"error","message":"Cast to ObjectId failed for value \"1\" at path \"_id\" for model \"Genre\""}
{"message":"Listening on port 3001","level":"info"}
{"meta":{"message":"Cast to ObjectId failed for value \"1\" at path \"_id\" for model \"Genre\"","name":"CastError","stack":"CastError: Cast to ObjectId failed for value \"1\" at path \"_id\" for model \"Genre\"\n    at new CastError (D:\\work\\Random\\vidly\\VideoApp\\node_modules\\mongoose\\lib\\error\\cast.js:29:11)\n    at ObjectId.cast (D:\\work\\Random\\vidly\\VideoApp\\node_modules\\mongoose\\lib\\schema\\objectid.js:244:11)\n    at ObjectId.SchemaType.applySetters (D:\\work\\Random\\vidly\\VideoApp\\node_modules\\mongoose\\lib\\schematype.js:948:12)\n    at ObjectId.SchemaType._castForQuery (D:\\work\\Random\\vidly\\VideoApp\\node_modules\\mongoose\\lib\\schematype.js:1362:15)\n    at ObjectId.SchemaType.castForQuery (D:\\work\\Random\\vidly\\VideoApp\\node_modules\\mongoose\\lib\\schematype.js:1352:15)\n    at ObjectId.SchemaType.castForQueryWrapper (D:\\work\\Random\\vidly\\VideoApp\\node_modules\\mongoose\\lib\\schematype.js:1331:15)\n    at cast (D:\\work\\Random\\vidly\\VideoApp\\node_modules\\mongoose\\lib\\cast.js:307:32)\n    at model.Query.Query.cast (D:\\work\\Random\\vidly\\VideoApp\\node_modules\\mongoose\\lib\\query.js:4576:12)\n    at model.Query.Query._castConditions (D:\\work\\Random\\vidly\\VideoApp\\node_modules\\mongoose\\lib\\query.js:1783:10)\n    at model.Query.<anonymous> (D:\\work\\Random\\vidly\\VideoApp\\node_modules\\mongoose\\lib\\query.js:2038:8)\n    at model.Query._wrappedThunk [as _findOne] (D:\\work\\Random\\vidly\\VideoApp\\node_modules\\mongoose\\lib\\helpers\\query\\wrapThunk.js:16:8)\n    at process.nextTick (D:\\work\\Random\\vidly\\VideoApp\\node_modules\\kareem\\index.js:369:33)\n    at process._tickCallback (internal/process/next_tick.js:61:11)"},"level":"error","message":"Cast to ObjectId failed for value \"1\" at path \"_id\" for model \"Genre\""}
{"message":"Listening on port 3001","level":"info"}
{"meta":{"message":"mongoose is not defined","name":"ReferenceError","stack":"ReferenceError: mongoose is not defined\n    at router.get (D:\\work\\Random\\vidly\\VideoApp\\routes\\genre.js:16:3)\n    at newFn (D:\\work\\Random\\vidly\\VideoApp\\node_modules\\express-async-errors\\index.js:16:20)\n    at Layer.handle [as handle_request] (D:\\work\\Random\\vidly\\VideoApp\\node_modules\\express\\lib\\router\\layer.js:95:5)\n    at next (D:\\work\\Random\\vidly\\VideoApp\\node_modules\\express\\lib\\router\\route.js:137:13)\n    at module.exports (D:\\work\\Random\\vidly\\VideoApp\\middleware\\validateObjectId.js:6:3)\n    at newFn (D:\\work\\Random\\vidly\\VideoApp\\node_modules\\express-async-errors\\index.js:16:20)\n    at Layer.handle [as handle_request] (D:\\work\\Random\\vidly\\VideoApp\\node_modules\\express\\lib\\router\\layer.js:95:5)\n    at next (D:\\work\\Random\\vidly\\VideoApp\\node_modules\\express\\lib\\router\\route.js:137:13)\n    at Route.dispatch (D:\\work\\Random\\vidly\\VideoApp\\node_modules\\express\\lib\\router\\route.js:112:3)\n    at newFn (D:\\work\\Random\\vidly\\VideoApp\\node_modules\\express-async-errors\\index.js:16:20)\n    at Layer.handle [as handle_request] (D:\\work\\Random\\vidly\\VideoApp\\node_modules\\express\\lib\\router\\layer.js:95:5)\n    at D:\\work\\Random\\vidly\\VideoApp\\node_modules\\express\\lib\\router\\index.js:281:22\n    at param (D:\\work\\Random\\vidly\\VideoApp\\node_modules\\express\\lib\\router\\index.js:354:14)\n    at param (D:\\work\\Random\\vidly\\VideoApp\\node_modules\\express\\lib\\router\\index.js:365:14)\n    at Function.process_params (D:\\work\\Random\\vidly\\VideoApp\\node_modules\\express\\lib\\router\\index.js:410:3)\n    at next (D:\\work\\Random\\vidly\\VideoApp\\node_modules\\express\\lib\\router\\index.js:275:10)\n    at Function.handle (D:\\work\\Random\\vidly\\VideoApp\\node_modules\\express\\lib\\router\\index.js:174:3)\n    at router (D:\\work\\Random\\vidly\\VideoApp\\node_modules\\express\\lib\\router\\index.js:47:12)\n    at newFn (D:\\work\\Random\\vidly\\VideoApp\\node_modules\\express-async-errors\\index.js:16:20)\n    at Layer.handle [as handle_request] (D:\\work\\Random\\vidly\\VideoApp\\node_modules\\express\\lib\\router\\layer.js:95:5)\n    at trim_prefix (D:\\work\\Random\\vidly\\VideoApp\\node_modules\\express\\lib\\router\\index.js:317:13)\n    at D:\\work\\Random\\vidly\\VideoApp\\node_modules\\express\\lib\\router\\index.js:284:7"},"level":"error","message":"mongoose is not defined"}
{"message":"Listening on port 3001","level":"info"}
{"meta":{"message":"Cast to ObjectId failed for value \"1\" at path \"_id\" for model \"Genre\"","name":"CastError","stack":"CastError: Cast to ObjectId failed for value \"1\" at path \"_id\" for model \"Genre\"\n    at new CastError (D:\\work\\Random\\vidly\\VideoApp\\node_modules\\mongoose\\lib\\error\\cast.js:29:11)\n    at ObjectId.cast (D:\\work\\Random\\vidly\\VideoApp\\node_modules\\mongoose\\lib\\schema\\objectid.js:244:11)\n    at ObjectId.SchemaType.applySetters (D:\\work\\Random\\vidly\\VideoApp\\node_modules\\mongoose\\lib\\schematype.js:948:12)\n    at ObjectId.SchemaType._castForQuery (D:\\work\\Random\\vidly\\VideoApp\\node_modules\\mongoose\\lib\\schematype.js:1362:15)\n    at ObjectId.SchemaType.castForQuery (D:\\work\\Random\\vidly\\VideoApp\\node_modules\\mongoose\\lib\\schematype.js:1352:15)\n    at ObjectId.SchemaType.castForQueryWrapper (D:\\work\\Random\\vidly\\VideoApp\\node_modules\\mongoose\\lib\\schematype.js:1331:15)\n    at cast (D:\\work\\Random\\vidly\\VideoApp\\node_modules\\mongoose\\lib\\cast.js:307:32)\n    at model.Query.Query.cast (D:\\work\\Random\\vidly\\VideoApp\\node_modules\\mongoose\\lib\\query.js:4576:12)\n    at model.Query.Query._castConditions (D:\\work\\Random\\vidly\\VideoApp\\node_modules\\mongoose\\lib\\query.js:1783:10)\n    at model.Query.<anonymous> (D:\\work\\Random\\vidly\\VideoApp\\node_modules\\mongoose\\lib\\query.js:2038:8)\n    at model.Query._wrappedThunk [as _findOne] (D:\\work\\Random\\vidly\\VideoApp\\node_modules\\mongoose\\lib\\helpers\\query\\wrapThunk.js:16:8)\n    at process.nextTick (D:\\work\\Random\\vidly\\VideoApp\\node_modules\\kareem\\index.js:369:33)\n    at process._tickCallback (internal/process/next_tick.js:61:11)"},"level":"error","message":"Cast to ObjectId failed for value \"1\" at path \"_id\" for model \"Genre\""}
{"message":"Listening on port 3001","level":"info"}
{"message":"Listening on port 3001","level":"info"}
{"message":"Listening on port 3001","level":"info"}
{"message":"Listening on port 3001","level":"info"}
{"message":"Listening on port 3001","level":"info"}
{"message":"Listening on port 3001","level":"info"}
{"message":"Listening on port 3001","level":"info"}
{"message":"Listening on port 3001","level":"info"}
{"message":"Listening on port 3001","level":"info"}
{"message":"Listening on port 3001","level":"info"}
{"message":"Listening on port 3001","level":"info"}
{"message":"Listening on port 3001","level":"info"}
{"message":"Listening on port 3001","level":"info"}
{"message":"Listening on port 3001","level":"info"}
{"message":"Listening on port 3001","level":"info"}
{"message":"Listening on port 3001","level":"info"}
{"message":"Listening on port 3001","level":"info"}
{"message":"Listening on port 3001","level":"info"}
{"message":"Listening on port 3001","level":"info"}
{"message":"Listening on port 3001","level":"info"}
{"message":"Listening on port 3001","level":"info"}
{"message":"Listening on port 3001","level":"info"}
{"message":"Listening on port 3001","level":"info"}
{"message":"Listening on port 3001","level":"info"}
{"message":"Listening on port 3001","level":"info"}
{"message":"Listening on port 3001","level":"info"}
{"message":"Listening on port 3001","level":"info"}
{"message":"Listening on port 3001","level":"info"}
{"message":"Listening on port 3001","level":"info"}
{"message":"Listening on port 3001","level":"info"}
{"message":"Listening on port 3001","level":"info"}
{"message":"Listening on port 3001","level":"info"}
{"message":"Listening on port 3001","level":"info"}
{"message":"Listening on port 3001","level":"info"}
{"message":"Listening on port 3001","level":"info"}
{"message":"Listening on port 3001","level":"info"}
{"message":"Listening on port 3001","level":"info"}
{"message":"Listening on port 3001","level":"info"}
{"message":"Listening on port 3001","level":"info"}
{"message":"Listening on port 3001","level":"info"}
{"message":"Listening on port 3001","level":"info"}
{"message":"Listening on port 3001","level":"info"}
{"message":"Listening on port 3001","level":"info"}
{"message":"Listening on port 3001","level":"info"}
{"message":"Listening on port 3001","level":"info"}
{"message":"Listening on port 3001","level":"info"}
{"message":"Listening on port 3001","level":"info"}
{"message":"Listening on port 3001","level":"info"}
{"message":"Listening on port 3001","level":"info"}
{"message":"Listening on port 3001","level":"info"}
{"message":"Listening on port 3001","level":"info"}
{"message":"Listening on port 3001","level":"info"}
{"message":"Listening on port 3001","level":"info"}
{"message":"Listening on port 3001","level":"info"}
{"message":"Listening on port 3001","level":"info"}
{"message":"Listening on port 3000","level":"info"}
